<?xml version="1.0" encoding="UTF-8"?>
<!-- Generated by org.testng.reporters.JUnitReportReporter -->
<testsuite hostname="DESKTOP-V1FUETE" failures="0" tests="13" name="com.mindtree.runner.BigSmall" time="173.914" errors="0" timestamp="2021-11-22T10:14:33 IST" skipped="0">
  <testcase classname="com.mindtree.runner.BigSmall" name="homePageLanding" time="18.111"/>
  <system-out/>
  <testcase classname="com.mindtree.runner.BigSmall" name="signInTesting" time="11.982"/>
  <system-out/>
  <testcase classname="com.mindtree.runner.BigSmall" name="signInTesting" time="8.614"/>
  <system-out/>
  <testcase classname="com.mindtree.runner.BigSmall" name="signInTesting" time="12.356"/>
  <system-out/>
  <testcase classname="com.mindtree.runner.BigSmall" name="PersonalizedGift" time="9.770"/>
  <system-out/>
  <testcase classname="com.mindtree.runner.BigSmall" name="searchProduct" time="10.380"/>
  <system-out/>
  <testcase classname="com.mindtree.runner.BigSmall" name="Christmasgift" time="46.193"/>
  <system-out/>
  <testcase classname="com.mindtree.runner.BigSmall" name="ShopbyCategory" time="14.835"/>
  <system-out/>
  <testcase classname="com.mindtree.runner.BigSmall" name="AllofIt" time="8.176"/>
  <system-out/>
  <testcase classname="com.mindtree.runner.BigSmall" name="Wishlist" time="9.925"/>
  <system-out/>
  <testcase classname="com.mindtree.runner.BigSmall" name="AboutUs" time="6.479"/>
  <system-out/>
  <testcase classname="com.mindtree.runner.BigSmall" name="GiftCard" time="9.171"/>
  <system-out/>
  <testcase classname="com.mindtree.runner.BigSmall" name="ContactUsPage" time="7.922"/>
  <system-out/>
</testsuite> <!-- com.mindtree.runner.BigSmall -->
