<?xml version="1.0" encoding="UTF-8"?>
<!-- Generated by org.testng.reporters.JUnitReportReporter -->
<testsuite hostname="DESKTOP-V1FUETE" failures="0" tests="12" name="com.mindtree.runner.BigSmall" time="186.044" errors="0" timestamp="2021-11-16T18:27:04 IST" skipped="0">
  <testcase classname="com.mindtree.runner.BigSmall" name="homePageLanding" time="24.592"/>
  <system-out/>
  <testcase classname="com.mindtree.runner.BigSmall" name="signInTesting" time="12.697"/>
  <system-out/>
  <testcase classname="com.mindtree.runner.BigSmall" name="signInTesting" time="12.793"/>
  <system-out/>
  <testcase classname="com.mindtree.runner.BigSmall" name="signInTesting" time="12.192"/>
  <system-out/>
  <testcase classname="com.mindtree.runner.BigSmall" name="PersonalizedGift" time="11.650"/>
  <system-out/>
  <testcase classname="com.mindtree.runner.BigSmall" name="searchProduct" time="27.711"/>
  <system-out/>
  <testcase classname="com.mindtree.runner.BigSmall" name="Christmasgift" time="45.562"/>
  <system-out/>
  <testcase classname="com.mindtree.runner.BigSmall" name="ShopbyCategory" time="14.678"/>
  <system-out/>
  <testcase classname="com.mindtree.runner.BigSmall" name="AllofIt" time="5.965"/>
  <system-out/>
  <testcase classname="com.mindtree.runner.BigSmall" name="Wishlist" time="9.649"/>
  <system-out/>
  <testcase classname="com.mindtree.runner.BigSmall" name="AboutUs" time="2.593"/>
  <system-out/>
  <testcase classname="com.mindtree.runner.BigSmall" name="GiftCard" time="5.962"/>
  <system-out/>
</testsuite> <!-- com.mindtree.runner.BigSmall -->
